Building DAG of jobs...
Using shell: /bin/bash
Provided cores: 1 (use --cores to define parallelism)
Rules claiming more threads will be scaled down.
Job stats:
job               count
--------------  -------
all                   1
load_sequences        1
run_analysis          1
total                 3

Select jobs to execute...

[Tue Nov 11 00:08:19 2025]
rule load_sequences:
    input: hg38.fa, scripts/parse_fasta.py
    output: genome_guides.db
    jobid: 2
    reason: Missing output files: genome_guides.db
    resources: tmpdir=/var/folders/ts/mcxpb_xj3hdf333rxppd_s5c0000gn/T

Terminating processes on user request, this might take some time.
[Tue Nov 11 00:08:32 2025]
Error in rule load_sequences:
    jobid: 2
    input: hg38.fa, scripts/parse_fasta.py
    output: genome_guides.db
    shell:
        python scripts/parse_fasta.py && touch genome_guides.db
        (one of the commands exited with non-zero exit code; note that snakemake uses bash strict mode!)

Complete log: .snakemake/log/2025-11-11T000818.526819.snakemake.log
