Assuming unrestricted shared filesystem usage.
host: archlinux
Building DAG of jobs...
Using shell: /usr/bin/bash
Provided cores: 4
Rules claiming more threads will be scaled down.
Job stats:
job             count
------------  -------
all                 1
run_analysis        1
total               2

Select jobs to execute...
Execute 1 jobs...
[Mon Dec  8 20:09:14 2025]
localrule run_analysis:
    input: genome_guides.db, analysis/calculate_gc_content.py, analysis/calculate_cpg_per_frequency.py, analysis/calculate_base_composition.py, analysis/calculate_dinucleotides.py, analysis/calculate_per_chromosome_composition.py, analysis/calculate_ssr_stats.py
    output: analysis/stats/gc_content_per_chromosome.done, analysis/stats/cpg_frequency_per_chromosome.done, analysis/stats/nuclear_base_composition.done, analysis/stats/dinucleotide_frequency.done, analysis/stats/per_chromosome_composition.done, analysis/stats/ssr_statistics.done
    jobid: 1
    reason: Missing output files: analysis/stats/ssr_statistics.done
    resources: tmpdir=/tmp
Terminating processes on user request, this might take some time.
RuleException:
CalledProcessError in file "/home/dyar/Documents/projects/genome-guides-poc/genome-guide/backend/Snakefile", line 63:
Command 'set -euo pipefail;  
        python analysis/calculate_gc_content.py
        python analysis/calculate_cpg_per_frequency.py
        python analysis/calculate_base_composition.py
        python analysis/calculate_dinucleotides.py
        python analysis/calculate_per_chromosome_composition.py
        python analysis/calculate_ssr_stats.py' died with <Signals.SIGINT: 2>.
[Mon Dec  8 20:13:09 2025]
Error in rule run_analysis:
    message: None
    jobid: 1
    input: genome_guides.db, analysis/calculate_gc_content.py, analysis/calculate_cpg_per_frequency.py, analysis/calculate_base_composition.py, analysis/calculate_dinucleotides.py, analysis/calculate_per_chromosome_composition.py, analysis/calculate_ssr_stats.py
    output: analysis/stats/gc_content_per_chromosome.done, analysis/stats/cpg_frequency_per_chromosome.done, analysis/stats/nuclear_base_composition.done, analysis/stats/dinucleotide_frequency.done, analysis/stats/per_chromosome_composition.done, analysis/stats/ssr_statistics.done
    shell:
        
        python analysis/calculate_gc_content.py
        python analysis/calculate_cpg_per_frequency.py
        python analysis/calculate_base_composition.py
        python analysis/calculate_dinucleotides.py
        python analysis/calculate_per_chromosome_composition.py
        python analysis/calculate_ssr_stats.py
        
        (command exited with non-zero exit code)
Complete log(s): /home/dyar/Documents/projects/genome-guides-poc/genome-guide/backend/.snakemake/log/2025-12-08T200914.839027.snakemake.log
WorkflowError:
At least one job did not complete successfully.
