Building DAG of jobs...
Using shell: /bin/bash
Provided cores: 8
Rules claiming more threads will be scaled down.
Job stats:
job               count
--------------  -------
all                   1
load_sequences        1
run_analysis          1
total                 3

Select jobs to execute...

[Tue Nov 11 00:08:47 2025]
rule load_sequences:
    input: hg38.fa, scripts/parse_fasta.py
    output: genome_guides.db
    jobid: 2
    reason: Missing output files: genome_guides.db
    resources: tmpdir=/var/folders/ts/mcxpb_xj3hdf333rxppd_s5c0000gn/T

[Tue Nov 11 00:09:21 2025]
Finished job 2.
1 of 3 steps (33%) done
Select jobs to execute...

[Tue Nov 11 00:09:21 2025]
rule run_analysis:
    input: genome_guides.db, analysis/calculate_gc_content.py, analysis/calculate_cpg_per_frequency.py, analysis/calculate_base_composition.py, analysis/calculate_dinucleotides.py, analysis/calculate_per_chromosome_composition.py
    output: analysis/stats/gc_content_per_chromosome.done, analysis/stats/cpg_frequency_per_chromosome.done, analysis/stats/nuclear_base_composition.done, analysis/stats/dinucleotide_frequency.done, analysis/stats/per_chromosome_composition.done
    jobid: 1
    reason: Missing output files: analysis/stats/gc_content_per_chromosome.done, analysis/stats/dinucleotide_frequency.done, analysis/stats/nuclear_base_composition.done, analysis/stats/cpg_frequency_per_chromosome.done; Input files updated by another job: genome_guides.db
    resources: tmpdir=/var/folders/ts/mcxpb_xj3hdf333rxppd_s5c0000gn/T

Touching output file analysis/stats/gc_content_per_chromosome.done.
Touching output file analysis/stats/cpg_frequency_per_chromosome.done.
Touching output file analysis/stats/nuclear_base_composition.done.
Touching output file analysis/stats/dinucleotide_frequency.done.
Touching output file analysis/stats/per_chromosome_composition.done.
[Tue Nov 11 00:38:03 2025]
Finished job 1.
2 of 3 steps (67%) done
Select jobs to execute...

[Tue Nov 11 00:38:03 2025]
rule all:
    input: analysis/stats/gc_content_per_chromosome.done, analysis/stats/cpg_frequency_per_chromosome.done, analysis/stats/nuclear_base_composition.done, analysis/stats/dinucleotide_frequency.done
    jobid: 0
    reason: Rules with a run or shell declaration but no output are always executed.
    resources: tmpdir=/var/folders/ts/mcxpb_xj3hdf333rxppd_s5c0000gn/T

[Tue Nov 11 00:38:03 2025]
Finished job 0.
3 of 3 steps (100%) done
Complete log: .snakemake/log/2025-11-11T000846.596933.snakemake.log
