Building DAG of jobs...
Using shell: /bin/bash
Provided cores: 6
Rules claiming more threads will be scaled down.
Job stats:
job      count
-----  -------
all          1
total        1

Select jobs to execute...

[Tue Nov 11 09:33:13 2025]
rule all:
    input: analysis/stats/gc_content_per_chromosome.done, analysis/stats/cpg_frequency_per_chromosome.done, analysis/stats/nuclear_base_composition.done, analysis/stats/dinucleotide_frequency.done, analysis/stats/per_chromosome_composition.done
    jobid: 0
    reason: Rules with a run or shell declaration but no output are always executed.
    resources: tmpdir=/var/folders/ts/mcxpb_xj3hdf333rxppd_s5c0000gn/T

[Tue Nov 11 09:33:13 2025]
Finished job 0.
1 of 1 steps (100%) done
Complete log: .snakemake/log/2025-11-11T093251.428326.snakemake.log
